
ROM used:   1659/8192 (20%)
            1659/8192 (20%) including unused fragments

            1.8 Average locations per line
            14.2 Average locations per statement

RAM used:   47/368 (13%) at main() level
            76/368 (21%) worst case

Stack used: 6 worst case (4 in main + 2 for interrupts)
Stack size: 8

Lines Stmts  %   Files
----- ----- ---  -----
  107    45  38  main.c
  672     0   0  ..\..\..\..\..\Program Files (x86)\PICC\Devices\16F877A.h
  165    72  62  mod_lcd.c
----- -----
  944   117 Total

Page ROM  %  RAM    Vol Diff  Functions:
---- --- --- ---    --- ----  ----------
0     20   1    1             @delay_ms1
0      8   0    0             @const622
0     39   2    1    260  1.9  lcd_envia_nibble
0     33   2    3    176  2.7  lcd_envia_byte
0     61   4    2    433  4.3  lcd_ini
 Inline         4    186  5.5  lcd_pos_xy
0     55   3    1    290  4.1  lcd_escreve
0     51   3    0    171  4.1  RTCC_isr
0     29   2    2             @ITOF
0    117   7   13             @MULFF
0    439  26    4   1278  5.7  MAIN
0    323  19   16             @ADDFF
0     33   2    4             @SFTOI
0     21   1    5             @MUL1616
0     11   1    0             @const675
0     87   5    5             @PSTRINGCN7_638
0    128   8    9             @PRINTF_LD_638
0      7   0    0             @const680
0    118   7    9             @PRINTF_LD_9600_62_63
 Inline         0             @cinit1

Program metrics:
    Functions               7
    Statements              117
    Comments                171
    Volume (V)              4056
    Difficulty (D)          27.1
    Effort to implement (E) 110019
    Time to implement (T)   1 hours, 42 minutes
    Est Delivered Bugs (B)  1
    Cyclomatic Complexity   10
    Maintainability (MI)    141

 Segment     Used  Free
-----------  ----  ----
00000-00003     4  0  
00004-0004E    75  0  
0004F-007FF  1580  389  
00800-00FFF     0  2048  
01000-017FF     0  2048  
01800-01FFF     0  2048  



